<?xml version="1.0" encoding="UTF-8"?>
<!-- Generated by org.testng.reporters.JUnitXMLReporter -->
<testsuite ignored="0" hostname="DESKTOP-MLRQ8M2" failures="0" tests="16" name="Default test" time="0.233" errors="0" timestamp="2024-05-14T12:49:13 IST">
  <testcase classname="com.util.BaseClass" name="@BeforeTest startSession" time="0.1">
    <failure type="java.lang.IllegalStateException" message="The driver executable does not exist: E:\Testingtools\chromedriver-win64.exe">
      <![CDATA[java.lang.IllegalStateException: The driver executable does not exist: E:\Testingtools\chromedriver-win64.exe
at com.google.common.base.Preconditions.checkState(Preconditions.java:585)
at org.openqa.selenium.remote.service.DriverService.checkExecutable(DriverService.java:146)
at org.openqa.selenium.remote.service.DriverService.findExecutable(DriverService.java:141)
at org.openqa.selenium.chrome.ChromeDriverService.access$000(ChromeDriverService.java:35)
at org.openqa.selenium.chrome.ChromeDriverService$Builder.findDefaultExecutable(ChromeDriverService.java:159)
at org.openqa.selenium.remote.service.DriverService$Builder.build(DriverService.java:355)
at org.openqa.selenium.chrome.ChromeDriverService.createDefaultService(ChromeDriverService.java:94)
at org.openqa.selenium.chrome.ChromeDriver.<init>(ChromeDriver.java:123)
at com.util.BaseClass.startSession(BaseClass.java:39)
at java.base/jdk.internal.reflect.NativeMethodAccessorImpl.invoke0(Native Method)
at java.base/jdk.internal.reflect.NativeMethodAccessorImpl.invoke(NativeMethodAccessorImpl.java:77)
at java.base/jdk.internal.reflect.DelegatingMethodAccessorImpl.invoke(DelegatingMethodAccessorImpl.java:43)
at java.base/java.lang.reflect.Method.invoke(Method.java:568)
at org.testng.internal.MethodInvocationHelper.invokeMethod(MethodInvocationHelper.java:133)
at org.testng.internal.MethodInvocationHelper.invokeMethodConsideringTimeout(MethodInvocationHelper.java:62)
at org.testng.internal.ConfigInvoker.invokeConfigurationMethod(ConfigInvoker.java:385)
at org.testng.internal.ConfigInvoker.invokeConfigurations(ConfigInvoker.java:321)
at org.testng.TestRunner.invokeTestConfigurations(TestRunner.java:637)
at org.testng.TestRunner.beforeRun(TestRunner.java:627)
at org.testng.TestRunner.run(TestRunner.java:589)
at org.testng.SuiteRunner.runTest(SuiteRunner.java:377)
at org.testng.SuiteRunner.runSequentially(SuiteRunner.java:371)
at org.testng.SuiteRunner.privateRun(SuiteRunner.java:332)
at org.testng.SuiteRunner.run(SuiteRunner.java:276)
at org.testng.SuiteRunnerWorker.runSuite(SuiteRunnerWorker.java:53)
at org.testng.SuiteRunnerWorker.run(SuiteRunnerWorker.java:96)
at org.testng.TestNG.runSuitesSequentially(TestNG.java:1212)
at org.testng.TestNG.runSuitesLocally(TestNG.java:1134)
at org.testng.TestNG.runSuites(TestNG.java:1063)
at org.testng.TestNG.run(TestNG.java:1031)
at org.testng.remote.AbstractRemoteTestNG.run(AbstractRemoteTestNG.java:115)
at org.testng.remote.RemoteTestNG.initAndRun(RemoteTestNG.java:251)
at org.testng.remote.RemoteTestNG.main(RemoteTestNG.java:77)
]]>
    </failure>
  </testcase> <!-- @BeforeTest startSession -->
  <testcase classname="com.util.BaseClass" name="@AfterTest endSession" time="-1.715671153585E9">
    <skipped/>
  </testcase> <!-- @AfterTest endSession -->
  <testcase classname="com.util.BaseClass" name="launchApp" time="0.0">
    <skipped/>
  </testcase> <!-- launchApp -->
  <testcase classname="com.util.BaseClass" name="verifypageIndex" time="0.0">
    <skipped/>
  </testcase> <!-- verifypageIndex -->
  <testcase classname="com.util.BaseClass" name="verifyLink" time="0.0">
    <skipped/>
  </testcase> <!-- verifyLink -->
  <testcase classname="com.util.BaseClass" name="verifyImagelogoOnPage" time="0.0">
    <skipped/>
  </testcase> <!-- verifyImagelogoOnPage -->
  <testcase classname="com.util.BaseClass" name="verifyAddCustomerPage" time="0.0">
    <skipped/>
  </testcase> <!-- verifyAddCustomerPage -->
  <testcase classname="com.util.BaseClass" name="verifyaddcustomerDetails" time="0.0">
    <skipped/>
  </testcase> <!-- verifyaddcustomerDetails -->
  <testcase classname="com.util.BaseClass" name="verifyaccessdetails" time="0.0">
    <skipped/>
  </testcase> <!-- verifyaccessdetails -->
  <testcase classname="com.util.BaseClass" name="verifyredirectHome" time="0.0">
    <skipped/>
  </testcase> <!-- verifyredirectHome -->
  <testcase classname="com.util.BaseClass" name="verifygoToAddTrafficPlan" time="0.0">
    <skipped/>
  </testcase> <!-- verifygoToAddTrafficPlan -->
  <testcase classname="com.util.BaseClass" name="verifyaddTrafficPlanDetails" time="0.0">
    <skipped/>
  </testcase> <!-- verifyaddTrafficPlanDetails -->
  <testcase classname="com.util.BaseClass" name="verifgoATPHome" time="0.0">
    <skipped/>
  </testcase> <!-- verifgoATPHome -->
  <testcase classname="com.util.BaseClass" name="verifyAddtrafficpalantocustomerPage" time="0.0">
    <skipped/>
  </testcase> <!-- verifyAddtrafficpalantocustomerPage -->
  <testcase classname="com.util.BaseClass" name="verifyenteredCustomerID" time="0.0">
    <skipped/>
  </testcase> <!-- verifyenteredCustomerID -->
  <testcase classname="com.util.BaseClass" name="verifyClickonAddplanCustomer" time="0.0">
    <skipped/>
  </testcase> <!-- verifyClickonAddplanCustomer -->
  <testcase classname="com.util.BaseClass" name="verifysuccesssmsg" time="0.0">
    <skipped/>
  </testcase> <!-- verifysuccesssmsg -->
  <testcase classname="com.util.BaseClass" name="verifyHomePage" time="0.0">
    <skipped/>
  </testcase> <!-- verifyHomePage -->
</testsuite> <!-- Default test -->
